<?xml version="1.0" encoding="UTF-8"?>
<!-- Generated by org.testng.reporters.JUnitXMLReporter -->
<testsuite ignored="0" hostname="ndi-mb-257" failures="0" tests="3" name="AssesQA" time="34.355" errors="0" timestamp="2022-02-14T20:11:58 IST">
  <testcase classname="testClasses.ContactUsTests" name="initImpl" time="0.028"/>
  <testcase classname="testClasses.ContactUsTests" name="test_enter_invalid_credentials" time="5.102"/>
  <testcase classname="testClasses.ContactUsTests" name="test_enter_valid_credentials" time="19.517"/>
</testsuite> <!-- AssesQA -->
