<?xml version="1.0" encoding="UTF-8"?>
<testng-results ignored="0" total="2" passed="2" failed="0" skipped="0">
  <reporter-output>
  </reporter-output>
  <suite started-at="2022-02-14T21:18:02 IST" name="Default Suite" finished-at="2022-02-14T21:18:15 IST" duration-ms="13184">
    <groups>
    </groups>
    <test started-at="2022-02-14T21:18:02 IST" name="AssesQA" finished-at="2022-02-14T21:18:15 IST" duration-ms="13184">
      <class name="testClasses.SaucedemoTests">
        <test-method is-config="true" signature="openBrowser()[pri:0, instance:testClasses.SaucedemoTests@131ef10]" started-at="2022-02-14T21:18:02 IST" name="openBrowser" finished-at="2022-02-14T21:18:08 IST" duration-ms="5866" status="PASS">
          <reporter-output>
          </reporter-output>
        </test-method> <!-- openBrowser -->
        <test-method signature="initImpl()[pri:0, instance:testClasses.SaucedemoTests@131ef10]" started-at="2022-02-14T21:18:08 IST" name="initImpl" finished-at="2022-02-14T21:18:08 IST" duration-ms="35" status="PASS">
          <reporter-output>
          </reporter-output>
        </test-method> <!-- initImpl -->
        <test-method signature="test_saucedemo_product_checkout()[pri:0, instance:testClasses.SaucedemoTests@131ef10]" started-at="2022-02-14T21:18:08 IST" name="test_saucedemo_product_checkout" finished-at="2022-02-14T21:18:15 IST" depends-on-methods="testClasses.SaucedemoTests.initImpl" duration-ms="7107" status="PASS">
          <reporter-output>
          </reporter-output>
        </test-method> <!-- test_saucedemo_product_checkout -->
        <test-method is-config="true" signature="close()[pri:0, instance:testClasses.SaucedemoTests@131ef10]" started-at="2022-02-14T21:18:15 IST" name="close" finished-at="2022-02-14T21:18:15 IST" duration-ms="119" status="PASS">
          <reporter-output>
          </reporter-output>
        </test-method> <!-- close -->
      </class> <!-- testClasses.SaucedemoTests -->
    </test> <!-- AssesQA -->
  </suite> <!-- Default Suite -->
</testng-results>
